<?xml version="1.0" encoding="UTF-8"?>
<!-- Generated by org.testng.reporters.JUnitReportReporter -->
<testsuite hostname="Bhairavee" failures="0" tests="1" name="com.shopping.Testcases.SignUpTest" time="20.538" errors="0" timestamp="2023-03-06T01:16:47 IST" skipped="0">
  <testcase classname="com.shopping.Testcases.SignUpTest" name="VerifyValidLogin" time="20.538"/>
  <system-out/>
</testsuite> <!-- com.shopping.Testcases.SignUpTest -->
