<?xml version="1.0" encoding="UTF-8"?>
<!-- Generated by org.testng.reporters.JUnitReportReporter -->
<testsuite hostname="Bhairavee" failures="0" tests="2" name="com.shopping.Testcases.HomePageTest" time="21.949" errors="0" timestamp="2023-03-05T16:15:04 IST" skipped="0">
  <testcase classname="com.shopping.Testcases.HomePageTest" name="VerifyHomePageLanding" time="9.483"/>
  <system-out/>
  <testcase classname="com.shopping.Testcases.HomePageTest" name="VerifyTitle" time="12.466"/>
  <system-out/>
</testsuite> <!-- com.shopping.Testcases.HomePageTest -->
