<?xml version="1.0" encoding="UTF-8"?>
<!-- Generated by org.testng.reporters.JUnitReportReporter -->
<testsuite hostname="Bhairavee" failures="0" tests="1" name="com.shopping.Testcases.LoginPageTest" time="22.586" errors="0" timestamp="2023-03-05T16:31:06 IST" skipped="0">
  <testcase classname="com.shopping.Testcases.LoginPageTest" name="VerifyValidLogin" time="22.586"/>
  <system-out/>
</testsuite> <!-- com.shopping.Testcases.LoginPageTest -->
